[backblue.gif]
[fade.gif]
[index.html]
[robo.im/modernizer.js]
[robo.im/index-2.html]
[robo.im/style.css]
[robo.im/192.png]
[robo.im/180.png]
[robo.im/jquery.js]
[robo.im/jquery-mig.js]
[robo.im/typed.js]
[robo.im/main.jpg]
[robo.im/classie.js]
[robo.im/raf.js]
[robo.im/tween.js]
[robo.im/easepack.js]
[robo.im/canvas.js]
[robo.im/main.js]
[robo.im/index.html]
[robo.im/index-2.html]
[robo.im/fontello-3837060.eot]
[robo.im/fontello-3837060.woff]
[robo.im/fontello-3837060.ttf]
[robo.im/style.css]
[robo.im/fontello-3837060.svg]
[robo.im/fontello-3837060.svg]
